<<<<<<< HEAD
RuntimeError: error evaluating function `image-height`: Image size functions are not supported in browser version of less in image-height-error.less on line 2, column 11:
1 .test-height{
2   height: image-height("../data/image.jpg")
=======
RuntimeError: error evaluating function `image-height`: Image size functions are not supported in browser version of less in image-height-error.less on line 2, column 11:
1 .test-height{
2   height: image-height("../data/image.jpg")
>>>>>>> parent of 24cc441... 删除了node_modules
3 }