<<<<<<< HEAD
RuntimeError: error evaluating function `image-size`: Image size functions are not supported in browser version of less in image-size-error.less on line 2, column 9:
1 .test-size{
2   size: image-size("../data/image.jpg")
=======
RuntimeError: error evaluating function `image-size`: Image size functions are not supported in browser version of less in image-size-error.less on line 2, column 9:
1 .test-size{
2   size: image-size("../data/image.jpg")
>>>>>>> parent of 24cc441... 删除了node_modules
3 }